<?xml version="1.0" encoding="UTF-8"?>
<!-- Generated by org.testng.reporters.JUnitXMLReporter -->
<testsuite ignored="15" hostname="LAPTOP-MAQE94QU" failures="0" tests="1" name="Default test" time="7.499" errors="0" timestamp="2023-02-20T19:22:20 EST">
  <testcase classname="dsalgo.testcases.TestCase" name="QueuepracticeQ" time="2.713"/>
  <testcase classname="dsalgo.testcases.TestCase" name="validateRegister" time="0.0">
    <ignored/>
  </testcase> <!-- validateRegister -->
  <testcase classname="dsalgo.testcases.TestCase" name="arrayApplication" time="0.0">
    <ignored/>
  </testcase> <!-- arrayApplication -->
  <testcase classname="dsalgo.testcases.TestCase" name="home" time="0.0">
    <ignored/>
  </testcase> <!-- home -->
  <testcase classname="dsalgo.testcases.TestCase" name="ArrayPracticeQ" time="0.0">
    <ignored/>
  </testcase> <!-- ArrayPracticeQ -->
  <testcase classname="dsalgo.testcases.TestCase" name="ArrayfindnoPracticeq" time="0.0">
    <ignored/>
  </testcase> <!-- ArrayfindnoPracticeq -->
  <testcase classname="dsalgo.testcases.TestCase" name="vaild" time="0.0">
    <ignored/>
  </testcase> <!-- vaild -->
  <testcase classname="dsalgo.testcases.TestCase" name="invalid" time="0.0">
    <ignored/>
  </testcase> <!-- invalid -->
  <testcase classname="dsalgo.testcases.TestCase" name="datastructure" time="0.0">
    <ignored/>
  </testcase> <!-- datastructure -->
  <testcase classname="dsalgo.testcases.TestCase" name="selarray" time="0.0">
    <ignored/>
  </testcase> <!-- selarray -->
  <testcase classname="dsalgo.testcases.TestCase" name="array" time="0.0">
    <ignored/>
  </testcase> <!-- array -->
  <testcase classname="dsalgo.testcases.TestCase" name="validateLoginFromExcel" time="0.0">
    <ignored/>
  </testcase> <!-- validateLoginFromExcel -->
  <testcase classname="dsalgo.testcases.TestCase" name="ArrayMaxConsPracticeQ" time="0.0">
    <ignored/>
  </testcase> <!-- ArrayMaxConsPracticeQ -->
  <testcase classname="dsalgo.testcases.TestCase" name="signout" time="0.0">
    <ignored/>
  </testcase> <!-- signout -->
  <testcase classname="dsalgo.testcases.TestCase" name="Queue" time="0.0">
    <ignored/>
  </testcase> <!-- Queue -->
  <testcase classname="dsalgo.testcases.TestCase" name="ArraysquarePracticeQ" time="0.0">
    <ignored/>
  </testcase> <!-- ArraysquarePracticeQ -->
</testsuite> <!-- Default test -->
