<?xml version="1.0" encoding="UTF-8"?>
<!-- Generated by org.testng.reporters.JUnitXMLReporter -->
<testsuite ignored="23" hostname="LAPTOP-MAQE94QU" failures="0" tests="1" name="Default test" time="5.149" errors="0" timestamp="2023-02-26T15:34:40 EST">
  <testcase classname="dsalgo.testcases.TestCase" name="invalid" time="2.006"/>
  <testcase classname="dsalgo.testcases.TestCase" name="Queue" time="0.0">
    <ignored/>
  </testcase> <!-- Queue -->
  <testcase classname="dsalgo.testcases.TestCase" name="array" time="0.0">
    <ignored/>
  </testcase> <!-- array -->
  <testcase classname="dsalgo.testcases.TestCase" name="selarray" time="0.0">
    <ignored/>
  </testcase> <!-- selarray -->
  <testcase classname="dsalgo.testcases.TestCase" name="treePracticeQ" time="0.0">
    <ignored/>
  </testcase> <!-- treePracticeQ -->
  <testcase classname="dsalgo.testcases.TestCase" name="datastructure" time="0.0">
    <ignored/>
  </testcase> <!-- datastructure -->
  <testcase classname="dsalgo.testcases.TestCase" name="ArraysquarePracticeQ" time="0.0">
    <ignored/>
  </testcase> <!-- ArraysquarePracticeQ -->
  <testcase classname="dsalgo.testcases.TestCase" name="signout" time="0.0">
    <ignored/>
  </testcase> <!-- signout -->
  <testcase classname="dsalgo.testcases.TestCase" name="QueuePracticeQ" time="0.0">
    <ignored/>
  </testcase> <!-- QueuePracticeQ -->
  <testcase classname="dsalgo.testcases.TestCase" name="vaild" time="0.0">
    <ignored/>
  </testcase> <!-- vaild -->
  <testcase classname="dsalgo.testcases.TestCase" name="stackPracticeQ" time="0.0">
    <ignored/>
  </testcase> <!-- stackPracticeQ -->
  <testcase classname="dsalgo.testcases.TestCase" name="validateLoginFromExcel" time="0.0">
    <ignored/>
  </testcase> <!-- validateLoginFromExcel -->
  <testcase classname="dsalgo.testcases.TestCase" name="home" time="0.0">
    <ignored/>
  </testcase> <!-- home -->
  <testcase classname="dsalgo.testcases.TestCase" name="Linkedlist" time="0.0">
    <ignored/>
  </testcase> <!-- Linkedlist -->
  <testcase classname="dsalgo.testcases.TestCase" name="ArrayfindnoPracticeq" time="0.0">
    <ignored/>
  </testcase> <!-- ArrayfindnoPracticeq -->
  <testcase classname="dsalgo.testcases.TestCase" name="ArrayMaxConsPracticeQ" time="0.0">
    <ignored/>
  </testcase> <!-- ArrayMaxConsPracticeQ -->
  <testcase classname="dsalgo.testcases.TestCase" name="LinkedlistPracticeQ" time="0.0">
    <ignored/>
  </testcase> <!-- LinkedlistPracticeQ -->
  <testcase classname="dsalgo.testcases.TestCase" name="ArrayPracticeQ" time="0.0">
    <ignored/>
  </testcase> <!-- ArrayPracticeQ -->
  <testcase classname="dsalgo.testcases.TestCase" name="stack" time="0.0">
    <ignored/>
  </testcase> <!-- stack -->
  <testcase classname="dsalgo.testcases.TestCase" name="datastructurePracticeQ" time="0.0">
    <ignored/>
  </testcase> <!-- datastructurePracticeQ -->
  <testcase classname="dsalgo.testcases.TestCase" name="tree" time="0.0">
    <ignored/>
  </testcase> <!-- tree -->
  <testcase classname="dsalgo.testcases.TestCase" name="validateRegister" time="0.0">
    <ignored/>
  </testcase> <!-- validateRegister -->
  <testcase classname="dsalgo.testcases.TestCase" name="graph" time="0.0">
    <ignored/>
  </testcase> <!-- graph -->
  <testcase classname="dsalgo.testcases.TestCase" name="graphPRacticeQ" time="0.0">
    <ignored/>
  </testcase> <!-- graphPRacticeQ -->
</testsuite> <!-- Default test -->
