<?xml version="1.0" encoding="UTF-8"?>
<!-- Generated by org.testng.reporters.JUnitXMLReporter -->
<testsuite ignored="0" hostname="LAPTOP-MAQE94QU" failures="0" tests="24" name="TestExec01" time="144.184" errors="0" timestamp="2023-02-26T15:50:01 EST">
  <testcase classname="dsalgo.testcases.TestCase" name="ArrayMaxConsPracticeQ" time="4.886"/>
  <testcase classname="dsalgo.testcases.TestCase" name="ArrayPracticeQ" time="3.939"/>
  <testcase classname="dsalgo.testcases.TestCase" name="ArrayfindnoPracticeq" time="3.606"/>
  <testcase classname="dsalgo.testcases.TestCase" name="ArraysquarePracticeQ" time="3.58"/>
  <testcase classname="dsalgo.testcases.TestCase" name="Linkedlist" time="10.449"/>
  <testcase classname="dsalgo.testcases.TestCase" name="LinkedlistPracticeQ" time="1.235"/>
  <testcase classname="dsalgo.testcases.TestCase" name="Queue" time="5.76"/>
  <testcase classname="dsalgo.testcases.TestCase" name="QueuePracticeQ" time="1.246"/>
  <testcase classname="dsalgo.testcases.TestCase" name="array" time="6.545"/>
  <testcase classname="dsalgo.testcases.TestCase" name="datastructure" time="2.315"/>
  <testcase classname="dsalgo.testcases.TestCase" name="datastructurePracticeQ" time="1.186"/>
  <testcase classname="dsalgo.testcases.TestCase" name="graph" time="2.312"/>
  <testcase classname="dsalgo.testcases.TestCase" name="graphPRacticeQ" time="1.187"/>
  <testcase classname="dsalgo.testcases.TestCase" name="home" time="0.455"/>
  <testcase classname="dsalgo.testcases.TestCase" name="invalid" time="1.983"/>
  <testcase classname="dsalgo.testcases.TestCase" name="selarray" time="2.117"/>
  <testcase classname="dsalgo.testcases.TestCase" name="signout" time="0.878"/>
  <testcase classname="dsalgo.testcases.TestCase" name="stack" time="4.921"/>
  <testcase classname="dsalgo.testcases.TestCase" name="stackPracticeQ" time="1.232"/>
  <testcase classname="dsalgo.testcases.TestCase" name="tree" time="17.42"/>
  <testcase classname="dsalgo.testcases.TestCase" name="treePracticeQ" time="1.174"/>
  <testcase classname="dsalgo.testcases.TestCase" name="vaild" time="0.742"/>
  <testcase classname="dsalgo.testcases.TestCase" name="validateLoginFromExcel" time="1.786"/>
  <testcase classname="dsalgo.testcases.TestCase" name="validateRegister" time="4.253"/>
</testsuite> <!-- TestExec01 -->
