<?xml version="1.0" encoding="UTF-8"?>
<!-- Generated by org.testng.reporters.JUnitXMLReporter -->
<testsuite ignored="0" hostname="LAPTOP-MAQE94QU" failures="0" tests="24" name="TestExec01" time="188.219" errors="0" timestamp="2023-02-27T20:06:21 EST">
  <testcase classname="dsalgo.testcases.TestCase" name="selarray" time="3.085"/>
  <testcase classname="dsalgo.testcases.TestCase" name="home" time="0.652"/>
  <testcase classname="dsalgo.testcases.TestCase" name="vaild" time="0.929"/>
  <testcase classname="dsalgo.testcases.TestCase" name="invalid" time="2.281"/>
  <testcase classname="dsalgo.testcases.TestCase" name="signout" time="1.073"/>
  <testcase classname="dsalgo.testcases.TestCase" name="validateRegister" time="4.853"/>
  <testcase classname="dsalgo.testcases.TestCase" name="validateLoginFromExcel" time="3.742"/>
  <testcase classname="dsalgo.testcases.TestCase" name="datastructure" time="2.827"/>
  <testcase classname="dsalgo.testcases.TestCase" name="datastructurePracticeQ" time="1.793"/>
  <testcase classname="dsalgo.testcases.TestCase" name="array" time="8.475"/>
  <testcase classname="dsalgo.testcases.TestCase" name="ArrayPracticeQ" time="5.36"/>
  <testcase classname="dsalgo.testcases.TestCase" name="ArrayMaxConsPracticeQ" time="6.34"/>
  <testcase classname="dsalgo.testcases.TestCase" name="ArrayfindnoPracticeq" time="5.114"/>
  <testcase classname="dsalgo.testcases.TestCase" name="ArraysquarePracticeQ" time="5.485"/>
  <testcase classname="dsalgo.testcases.TestCase" name="Queue" time="7.511"/>
  <testcase classname="dsalgo.testcases.TestCase" name="QueuePracticeQ" time="1.67"/>
  <testcase classname="dsalgo.testcases.TestCase" name="Linkedlist" time="12.501"/>
  <testcase classname="dsalgo.testcases.TestCase" name="LinkedlistPracticeQ" time="1.501"/>
  <testcase classname="dsalgo.testcases.TestCase" name="stack" time="6.052"/>
  <testcase classname="dsalgo.testcases.TestCase" name="stackPracticeQ" time="1.668"/>
  <testcase classname="dsalgo.testcases.TestCase" name="tree" time="22.328"/>
  <testcase classname="dsalgo.testcases.TestCase" name="treePracticeQ" time="1.468"/>
  <testcase classname="dsalgo.testcases.TestCase" name="graph" time="4.925"/>
  <testcase classname="dsalgo.testcases.TestCase" name="graphPRacticeQ" time="1.577"/>
</testsuite> <!-- TestExec01 -->
