<?xml version="1.0" encoding="UTF-8"?>
<testng-results ignored="0" total="24" passed="24" failed="0" skipped="0">
  <reporter-output>
    <line>
      <![CDATA[Queue is selected]]>
    </line>
    <line>
      <![CDATA[Queue is selected]]>
    </line>
  </reporter-output>
  <suite started-at="2023-02-27T20:03:13 EST" name="Suite" finished-at="2023-02-27T20:06:21 EST" duration-ms="188219">
    <groups>
    </groups>
    <test started-at="2023-02-27T20:03:13 EST" name="TestExec01" finished-at="2023-02-27T20:06:21 EST" duration-ms="188219">
      <class name="dsalgo.testcases.TestCase">
        <test-method is-config="true" signature="setup()[pri:0, instance:dsalgo.testcases.TestCase@570b2057]" started-at="2023-02-27T20:03:13 EST" name="setup" finished-at="2023-02-27T20:03:19 EST" duration-ms="5474" status="PASS">
          <reporter-output>
          </reporter-output>
        </test-method> <!-- setup -->
        <test-method signature="selarray()[pri:1, instance:dsalgo.testcases.TestCase@570b2057]" started-at="2023-02-27T20:03:19 EST" name="selarray" finished-at="2023-02-27T20:03:22 EST" duration-ms="3085" status="PASS">
          <reporter-output>
          </reporter-output>
        </test-method> <!-- selarray -->
        <test-method is-config="true" signature="teardown()[pri:0, instance:dsalgo.testcases.TestCase@570b2057]" started-at="2023-02-27T20:03:22 EST" name="teardown" finished-at="2023-02-27T20:03:22 EST" duration-ms="499" status="PASS">
          <reporter-output>
          </reporter-output>
        </test-method> <!-- teardown -->
        <test-method is-config="true" signature="setup()[pri:0, instance:dsalgo.testcases.TestCase@570b2057]" started-at="2023-02-27T20:03:22 EST" name="setup" finished-at="2023-02-27T20:03:25 EST" duration-ms="2264" status="PASS">
          <reporter-output>
          </reporter-output>
        </test-method> <!-- setup -->
        <test-method signature="home()[pri:2, instance:dsalgo.testcases.TestCase@570b2057]" started-at="2023-02-27T20:03:25 EST" name="home" finished-at="2023-02-27T20:03:25 EST" duration-ms="652" status="PASS">
          <reporter-output>
          </reporter-output>
        </test-method> <!-- home -->
        <test-method is-config="true" signature="teardown()[pri:0, instance:dsalgo.testcases.TestCase@570b2057]" started-at="2023-02-27T20:03:25 EST" name="teardown" finished-at="2023-02-27T20:03:26 EST" duration-ms="433" status="PASS">
          <reporter-output>
          </reporter-output>
        </test-method> <!-- teardown -->
        <test-method is-config="true" signature="setup()[pri:0, instance:dsalgo.testcases.TestCase@570b2057]" started-at="2023-02-27T20:03:26 EST" name="setup" finished-at="2023-02-27T20:03:28 EST" duration-ms="2590" status="PASS">
          <reporter-output>
          </reporter-output>
        </test-method> <!-- setup -->
        <test-method signature="vaild()[pri:3, instance:dsalgo.testcases.TestCase@570b2057]" started-at="2023-02-27T20:03:28 EST" name="vaild" finished-at="2023-02-27T20:03:29 EST" duration-ms="929" status="PASS">
          <reporter-output>
          </reporter-output>
        </test-method> <!-- vaild -->
        <test-method is-config="true" signature="teardown()[pri:0, instance:dsalgo.testcases.TestCase@570b2057]" started-at="2023-02-27T20:03:29 EST" name="teardown" finished-at="2023-02-27T20:03:30 EST" duration-ms="437" status="PASS">
          <reporter-output>
          </reporter-output>
        </test-method> <!-- teardown -->
        <test-method is-config="true" signature="setup()[pri:0, instance:dsalgo.testcases.TestCase@570b2057]" started-at="2023-02-27T20:03:30 EST" name="setup" finished-at="2023-02-27T20:03:32 EST" duration-ms="2232" status="PASS">
          <reporter-output>
          </reporter-output>
        </test-method> <!-- setup -->
        <test-method signature="invalid()[pri:4, instance:dsalgo.testcases.TestCase@570b2057]" started-at="2023-02-27T20:03:32 EST" name="invalid" finished-at="2023-02-27T20:03:34 EST" duration-ms="2281" status="PASS">
          <reporter-output>
          </reporter-output>
        </test-method> <!-- invalid -->
        <test-method is-config="true" signature="teardown()[pri:0, instance:dsalgo.testcases.TestCase@570b2057]" started-at="2023-02-27T20:03:34 EST" name="teardown" finished-at="2023-02-27T20:03:35 EST" duration-ms="382" status="PASS">
          <reporter-output>
          </reporter-output>
        </test-method> <!-- teardown -->
        <test-method is-config="true" signature="setup()[pri:0, instance:dsalgo.testcases.TestCase@570b2057]" started-at="2023-02-27T20:03:35 EST" name="setup" finished-at="2023-02-27T20:03:37 EST" duration-ms="2175" status="PASS">
          <reporter-output>
          </reporter-output>
        </test-method> <!-- setup -->
        <test-method signature="signout()[pri:5, instance:dsalgo.testcases.TestCase@570b2057]" started-at="2023-02-27T20:03:37 EST" name="signout" finished-at="2023-02-27T20:03:38 EST" duration-ms="1073" status="PASS">
          <reporter-output>
          </reporter-output>
        </test-method> <!-- signout -->
        <test-method is-config="true" signature="teardown()[pri:0, instance:dsalgo.testcases.TestCase@570b2057]" started-at="2023-02-27T20:03:38 EST" name="teardown" finished-at="2023-02-27T20:03:38 EST" duration-ms="381" status="PASS">
          <reporter-output>
          </reporter-output>
        </test-method> <!-- teardown -->
        <test-method is-config="true" signature="setup()[pri:0, instance:dsalgo.testcases.TestCase@570b2057]" started-at="2023-02-27T20:03:38 EST" name="setup" finished-at="2023-02-27T20:03:42 EST" duration-ms="3730" status="PASS">
          <reporter-output>
          </reporter-output>
        </test-method> <!-- setup -->
        <test-method signature="validateRegister()[pri:6, instance:dsalgo.testcases.TestCase@570b2057]" started-at="2023-02-27T20:03:42 EST" name="validateRegister" finished-at="2023-02-27T20:03:47 EST" duration-ms="4853" status="PASS">
          <reporter-output>
          </reporter-output>
        </test-method> <!-- validateRegister -->
        <test-method is-config="true" signature="teardown()[pri:0, instance:dsalgo.testcases.TestCase@570b2057]" started-at="2023-02-27T20:03:47 EST" name="teardown" finished-at="2023-02-27T20:03:47 EST" duration-ms="507" status="PASS">
          <reporter-output>
          </reporter-output>
        </test-method> <!-- teardown -->
        <test-method is-config="true" signature="setup()[pri:0, instance:dsalgo.testcases.TestCase@570b2057]" started-at="2023-02-27T20:03:47 EST" name="setup" finished-at="2023-02-27T20:03:49 EST" duration-ms="2144" status="PASS">
          <reporter-output>
          </reporter-output>
        </test-method> <!-- setup -->
        <test-method signature="validateLoginFromExcel()[pri:7, instance:dsalgo.testcases.TestCase@570b2057]" started-at="2023-02-27T20:03:49 EST" name="validateLoginFromExcel" finished-at="2023-02-27T20:03:53 EST" duration-ms="3742" status="PASS">
          <reporter-output>
          </reporter-output>
        </test-method> <!-- validateLoginFromExcel -->
        <test-method is-config="true" signature="teardown()[pri:0, instance:dsalgo.testcases.TestCase@570b2057]" started-at="2023-02-27T20:03:53 EST" name="teardown" finished-at="2023-02-27T20:03:54 EST" duration-ms="367" status="PASS">
          <reporter-output>
          </reporter-output>
        </test-method> <!-- teardown -->
        <test-method is-config="true" signature="setup()[pri:0, instance:dsalgo.testcases.TestCase@570b2057]" started-at="2023-02-27T20:03:54 EST" name="setup" finished-at="2023-02-27T20:03:56 EST" duration-ms="2309" status="PASS">
          <reporter-output>
          </reporter-output>
        </test-method> <!-- setup -->
        <test-method signature="datastructure()[pri:8, instance:dsalgo.testcases.TestCase@570b2057]" started-at="2023-02-27T20:03:56 EST" name="datastructure" finished-at="2023-02-27T20:03:59 EST" duration-ms="2827" status="PASS">
          <reporter-output>
          </reporter-output>
        </test-method> <!-- datastructure -->
        <test-method is-config="true" signature="teardown()[pri:0, instance:dsalgo.testcases.TestCase@570b2057]" started-at="2023-02-27T20:03:59 EST" name="teardown" finished-at="2023-02-27T20:03:59 EST" duration-ms="365" status="PASS">
          <reporter-output>
          </reporter-output>
        </test-method> <!-- teardown -->
        <test-method is-config="true" signature="setup()[pri:0, instance:dsalgo.testcases.TestCase@570b2057]" started-at="2023-02-27T20:03:59 EST" name="setup" finished-at="2023-02-27T20:04:01 EST" duration-ms="2125" status="PASS">
          <reporter-output>
          </reporter-output>
        </test-method> <!-- setup -->
        <test-method signature="datastructurePracticeQ()[pri:9, instance:dsalgo.testcases.TestCase@570b2057]" started-at="2023-02-27T20:04:01 EST" name="datastructurePracticeQ" finished-at="2023-02-27T20:04:03 EST" duration-ms="1793" status="PASS">
          <reporter-output>
          </reporter-output>
        </test-method> <!-- datastructurePracticeQ -->
        <test-method is-config="true" signature="teardown()[pri:0, instance:dsalgo.testcases.TestCase@570b2057]" started-at="2023-02-27T20:04:03 EST" name="teardown" finished-at="2023-02-27T20:04:04 EST" duration-ms="467" status="PASS">
          <reporter-output>
          </reporter-output>
        </test-method> <!-- teardown -->
        <test-method is-config="true" signature="setup()[pri:0, instance:dsalgo.testcases.TestCase@570b2057]" started-at="2023-02-27T20:04:04 EST" name="setup" finished-at="2023-02-27T20:04:06 EST" duration-ms="2067" status="PASS">
          <reporter-output>
          </reporter-output>
        </test-method> <!-- setup -->
        <test-method signature="array()[pri:10, instance:dsalgo.testcases.TestCase@570b2057]" started-at="2023-02-27T20:04:06 EST" name="array" finished-at="2023-02-27T20:04:14 EST" duration-ms="8475" status="PASS">
          <reporter-output>
          </reporter-output>
        </test-method> <!-- array -->
        <test-method is-config="true" signature="teardown()[pri:0, instance:dsalgo.testcases.TestCase@570b2057]" started-at="2023-02-27T20:04:14 EST" name="teardown" finished-at="2023-02-27T20:04:15 EST" duration-ms="587" status="PASS">
          <reporter-output>
          </reporter-output>
        </test-method> <!-- teardown -->
        <test-method is-config="true" signature="setup()[pri:0, instance:dsalgo.testcases.TestCase@570b2057]" started-at="2023-02-27T20:04:15 EST" name="setup" finished-at="2023-02-27T20:04:17 EST" duration-ms="2308" status="PASS">
          <reporter-output>
          </reporter-output>
        </test-method> <!-- setup -->
        <test-method signature="ArrayPracticeQ()[pri:11, instance:dsalgo.testcases.TestCase@570b2057]" started-at="2023-02-27T20:04:17 EST" name="ArrayPracticeQ" finished-at="2023-02-27T20:04:22 EST" duration-ms="5360" status="PASS">
          <reporter-output>
          </reporter-output>
        </test-method> <!-- ArrayPracticeQ -->
        <test-method is-config="true" signature="teardown()[pri:0, instance:dsalgo.testcases.TestCase@570b2057]" started-at="2023-02-27T20:04:22 EST" name="teardown" finished-at="2023-02-27T20:04:23 EST" duration-ms="437" status="PASS">
          <reporter-output>
          </reporter-output>
        </test-method> <!-- teardown -->
        <test-method is-config="true" signature="setup()[pri:0, instance:dsalgo.testcases.TestCase@570b2057]" started-at="2023-02-27T20:04:23 EST" name="setup" finished-at="2023-02-27T20:04:27 EST" duration-ms="4129" status="PASS">
          <reporter-output>
          </reporter-output>
        </test-method> <!-- setup -->
        <test-method signature="ArrayMaxConsPracticeQ()[pri:12, instance:dsalgo.testcases.TestCase@570b2057]" started-at="2023-02-27T20:04:27 EST" name="ArrayMaxConsPracticeQ" finished-at="2023-02-27T20:04:33 EST" duration-ms="6340" status="PASS">
          <reporter-output>
          </reporter-output>
        </test-method> <!-- ArrayMaxConsPracticeQ -->
        <test-method is-config="true" signature="teardown()[pri:0, instance:dsalgo.testcases.TestCase@570b2057]" started-at="2023-02-27T20:04:33 EST" name="teardown" finished-at="2023-02-27T20:04:34 EST" duration-ms="521" status="PASS">
          <reporter-output>
          </reporter-output>
        </test-method> <!-- teardown -->
        <test-method is-config="true" signature="setup()[pri:0, instance:dsalgo.testcases.TestCase@570b2057]" started-at="2023-02-27T20:04:34 EST" name="setup" finished-at="2023-02-27T20:04:36 EST" duration-ms="2309" status="PASS">
          <reporter-output>
          </reporter-output>
        </test-method> <!-- setup -->
        <test-method signature="ArrayfindnoPracticeq()[pri:13, instance:dsalgo.testcases.TestCase@570b2057]" started-at="2023-02-27T20:04:36 EST" name="ArrayfindnoPracticeq" finished-at="2023-02-27T20:04:41 EST" duration-ms="5114" status="PASS">
          <reporter-output>
          </reporter-output>
        </test-method> <!-- ArrayfindnoPracticeq -->
        <test-method is-config="true" signature="teardown()[pri:0, instance:dsalgo.testcases.TestCase@570b2057]" started-at="2023-02-27T20:04:41 EST" name="teardown" finished-at="2023-02-27T20:04:42 EST" duration-ms="408" status="PASS">
          <reporter-output>
          </reporter-output>
        </test-method> <!-- teardown -->
        <test-method is-config="true" signature="setup()[pri:0, instance:dsalgo.testcases.TestCase@570b2057]" started-at="2023-02-27T20:04:42 EST" name="setup" finished-at="2023-02-27T20:04:47 EST" duration-ms="4972" status="PASS">
          <reporter-output>
          </reporter-output>
        </test-method> <!-- setup -->
        <test-method signature="ArraysquarePracticeQ()[pri:14, instance:dsalgo.testcases.TestCase@570b2057]" started-at="2023-02-27T20:04:47 EST" name="ArraysquarePracticeQ" finished-at="2023-02-27T20:04:52 EST" duration-ms="5485" status="PASS">
          <reporter-output>
          </reporter-output>
        </test-method> <!-- ArraysquarePracticeQ -->
        <test-method is-config="true" signature="teardown()[pri:0, instance:dsalgo.testcases.TestCase@570b2057]" started-at="2023-02-27T20:04:52 EST" name="teardown" finished-at="2023-02-27T20:04:53 EST" duration-ms="433" status="PASS">
          <reporter-output>
          </reporter-output>
        </test-method> <!-- teardown -->
        <test-method is-config="true" signature="setup()[pri:0, instance:dsalgo.testcases.TestCase@570b2057]" started-at="2023-02-27T20:04:53 EST" name="setup" finished-at="2023-02-27T20:04:55 EST" duration-ms="2105" status="PASS">
          <reporter-output>
          </reporter-output>
        </test-method> <!-- setup -->
        <test-method signature="Queue()[pri:15, instance:dsalgo.testcases.TestCase@570b2057]" started-at="2023-02-27T20:04:55 EST" name="Queue" finished-at="2023-02-27T20:05:02 EST" duration-ms="7511" status="PASS">
          <reporter-output>
            <line>
              <![CDATA[Queue is selected]]>
            </line>
          </reporter-output>
        </test-method> <!-- Queue -->
        <test-method is-config="true" signature="teardown()[pri:0, instance:dsalgo.testcases.TestCase@570b2057]" started-at="2023-02-27T20:05:02 EST" name="teardown" finished-at="2023-02-27T20:05:03 EST" duration-ms="491" status="PASS">
          <reporter-output>
          </reporter-output>
        </test-method> <!-- teardown -->
        <test-method is-config="true" signature="setup()[pri:0, instance:dsalgo.testcases.TestCase@570b2057]" started-at="2023-02-27T20:05:03 EST" name="setup" finished-at="2023-02-27T20:05:05 EST" duration-ms="2379" status="PASS">
          <reporter-output>
          </reporter-output>
        </test-method> <!-- setup -->
        <test-method signature="QueuePracticeQ()[pri:16, instance:dsalgo.testcases.TestCase@570b2057]" started-at="2023-02-27T20:05:05 EST" name="QueuePracticeQ" finished-at="2023-02-27T20:05:07 EST" duration-ms="1670" status="PASS">
          <reporter-output>
            <line>
              <![CDATA[Queue is selected]]>
            </line>
          </reporter-output>
        </test-method> <!-- QueuePracticeQ -->
        <test-method is-config="true" signature="teardown()[pri:0, instance:dsalgo.testcases.TestCase@570b2057]" started-at="2023-02-27T20:05:07 EST" name="teardown" finished-at="2023-02-27T20:05:07 EST" duration-ms="454" status="PASS">
          <reporter-output>
          </reporter-output>
        </test-method> <!-- teardown -->
        <test-method is-config="true" signature="setup()[pri:0, instance:dsalgo.testcases.TestCase@570b2057]" started-at="2023-02-27T20:05:07 EST" name="setup" finished-at="2023-02-27T20:05:09 EST" duration-ms="2076" status="PASS">
          <reporter-output>
          </reporter-output>
        </test-method> <!-- setup -->
        <test-method signature="Linkedlist()[pri:17, instance:dsalgo.testcases.TestCase@570b2057]" started-at="2023-02-27T20:05:09 EST" name="Linkedlist" finished-at="2023-02-27T20:05:22 EST" duration-ms="12501" status="PASS">
          <reporter-output>
          </reporter-output>
        </test-method> <!-- Linkedlist -->
        <test-method is-config="true" signature="teardown()[pri:0, instance:dsalgo.testcases.TestCase@570b2057]" started-at="2023-02-27T20:05:22 EST" name="teardown" finished-at="2023-02-27T20:05:22 EST" duration-ms="535" status="PASS">
          <reporter-output>
          </reporter-output>
        </test-method> <!-- teardown -->
        <test-method is-config="true" signature="setup()[pri:0, instance:dsalgo.testcases.TestCase@570b2057]" started-at="2023-02-27T20:05:22 EST" name="setup" finished-at="2023-02-27T20:05:24 EST" duration-ms="2058" status="PASS">
          <reporter-output>
          </reporter-output>
        </test-method> <!-- setup -->
        <test-method signature="LinkedlistPracticeQ()[pri:18, instance:dsalgo.testcases.TestCase@570b2057]" started-at="2023-02-27T20:05:24 EST" name="LinkedlistPracticeQ" finished-at="2023-02-27T20:05:26 EST" duration-ms="1501" status="PASS">
          <reporter-output>
          </reporter-output>
        </test-method> <!-- LinkedlistPracticeQ -->
        <test-method is-config="true" signature="teardown()[pri:0, instance:dsalgo.testcases.TestCase@570b2057]" started-at="2023-02-27T20:05:26 EST" name="teardown" finished-at="2023-02-27T20:05:26 EST" duration-ms="408" status="PASS">
          <reporter-output>
          </reporter-output>
        </test-method> <!-- teardown -->
        <test-method is-config="true" signature="setup()[pri:0, instance:dsalgo.testcases.TestCase@570b2057]" started-at="2023-02-27T20:05:26 EST" name="setup" finished-at="2023-02-27T20:05:28 EST" duration-ms="2226" status="PASS">
          <reporter-output>
          </reporter-output>
        </test-method> <!-- setup -->
        <test-method signature="stack()[pri:19, instance:dsalgo.testcases.TestCase@570b2057]" started-at="2023-02-27T20:05:28 EST" name="stack" finished-at="2023-02-27T20:05:35 EST" duration-ms="6052" status="PASS">
          <reporter-output>
          </reporter-output>
        </test-method> <!-- stack -->
        <test-method is-config="true" signature="teardown()[pri:0, instance:dsalgo.testcases.TestCase@570b2057]" started-at="2023-02-27T20:05:35 EST" name="teardown" finished-at="2023-02-27T20:05:35 EST" duration-ms="428" status="PASS">
          <reporter-output>
          </reporter-output>
        </test-method> <!-- teardown -->
        <test-method is-config="true" signature="setup()[pri:0, instance:dsalgo.testcases.TestCase@570b2057]" started-at="2023-02-27T20:05:35 EST" name="setup" finished-at="2023-02-27T20:05:37 EST" duration-ms="2167" status="PASS">
          <reporter-output>
          </reporter-output>
        </test-method> <!-- setup -->
        <test-method signature="stackPracticeQ()[pri:20, instance:dsalgo.testcases.TestCase@570b2057]" started-at="2023-02-27T20:05:37 EST" name="stackPracticeQ" finished-at="2023-02-27T20:05:39 EST" duration-ms="1668" status="PASS">
          <reporter-output>
          </reporter-output>
        </test-method> <!-- stackPracticeQ -->
        <test-method is-config="true" signature="teardown()[pri:0, instance:dsalgo.testcases.TestCase@570b2057]" started-at="2023-02-27T20:05:39 EST" name="teardown" finished-at="2023-02-27T20:05:39 EST" duration-ms="367" status="PASS">
          <reporter-output>
          </reporter-output>
        </test-method> <!-- teardown -->
        <test-method is-config="true" signature="setup()[pri:0, instance:dsalgo.testcases.TestCase@570b2057]" started-at="2023-02-27T20:05:39 EST" name="setup" finished-at="2023-02-27T20:05:41 EST" duration-ms="2074" status="PASS">
          <reporter-output>
          </reporter-output>
        </test-method> <!-- setup -->
        <test-method signature="tree()[pri:21, instance:dsalgo.testcases.TestCase@570b2057]" started-at="2023-02-27T20:05:41 EST" name="tree" finished-at="2023-02-27T20:06:04 EST" duration-ms="22328" status="PASS">
          <reporter-output>
          </reporter-output>
        </test-method> <!-- tree -->
        <test-method is-config="true" signature="teardown()[pri:0, instance:dsalgo.testcases.TestCase@570b2057]" started-at="2023-02-27T20:06:04 EST" name="teardown" finished-at="2023-02-27T20:06:04 EST" duration-ms="527" status="PASS">
          <reporter-output>
          </reporter-output>
        </test-method> <!-- teardown -->
        <test-method is-config="true" signature="setup()[pri:0, instance:dsalgo.testcases.TestCase@570b2057]" started-at="2023-02-27T20:06:04 EST" name="setup" finished-at="2023-02-27T20:06:06 EST" duration-ms="2318" status="PASS">
          <reporter-output>
          </reporter-output>
        </test-method> <!-- setup -->
        <test-method signature="treePracticeQ()[pri:22, instance:dsalgo.testcases.TestCase@570b2057]" started-at="2023-02-27T20:06:06 EST" name="treePracticeQ" finished-at="2023-02-27T20:06:08 EST" duration-ms="1468" status="PASS">
          <reporter-output>
          </reporter-output>
        </test-method> <!-- treePracticeQ -->
        <test-method is-config="true" signature="teardown()[pri:0, instance:dsalgo.testcases.TestCase@570b2057]" started-at="2023-02-27T20:06:08 EST" name="teardown" finished-at="2023-02-27T20:06:08 EST" duration-ms="360" status="PASS">
          <reporter-output>
          </reporter-output>
        </test-method> <!-- teardown -->
        <test-method is-config="true" signature="setup()[pri:0, instance:dsalgo.testcases.TestCase@570b2057]" started-at="2023-02-27T20:06:08 EST" name="setup" finished-at="2023-02-27T20:06:11 EST" duration-ms="2556" status="PASS">
          <reporter-output>
          </reporter-output>
        </test-method> <!-- setup -->
        <test-method signature="graph()[pri:23, instance:dsalgo.testcases.TestCase@570b2057]" started-at="2023-02-27T20:06:11 EST" name="graph" finished-at="2023-02-27T20:06:16 EST" duration-ms="4925" status="PASS">
          <reporter-output>
          </reporter-output>
        </test-method> <!-- graph -->
        <test-method is-config="true" signature="teardown()[pri:0, instance:dsalgo.testcases.TestCase@570b2057]" started-at="2023-02-27T20:06:16 EST" name="teardown" finished-at="2023-02-27T20:06:16 EST" duration-ms="444" status="PASS">
          <reporter-output>
          </reporter-output>
        </test-method> <!-- teardown -->
        <test-method is-config="true" signature="setup()[pri:0, instance:dsalgo.testcases.TestCase@570b2057]" started-at="2023-02-27T20:06:16 EST" name="setup" finished-at="2023-02-27T20:06:19 EST" duration-ms="3145" status="PASS">
          <reporter-output>
          </reporter-output>
        </test-method> <!-- setup -->
        <test-method signature="graphPRacticeQ()[pri:24, instance:dsalgo.testcases.TestCase@570b2057]" started-at="2023-02-27T20:06:19 EST" name="graphPRacticeQ" finished-at="2023-02-27T20:06:21 EST" duration-ms="1577" status="PASS">
          <reporter-output>
          </reporter-output>
        </test-method> <!-- graphPRacticeQ -->
        <test-method is-config="true" signature="teardown()[pri:0, instance:dsalgo.testcases.TestCase@570b2057]" started-at="2023-02-27T20:06:21 EST" name="teardown" finished-at="2023-02-27T20:06:21 EST" duration-ms="385" status="PASS">
          <reporter-output>
          </reporter-output>
        </test-method> <!-- teardown -->
      </class> <!-- dsalgo.testcases.TestCase -->
    </test> <!-- TestExec01 -->
  </suite> <!-- Suite -->
</testng-results>
